<?xml version="1.0" encoding="UTF-8"?>
<testng-results ignored="0" total="1" passed="1" failed="0" skipped="0">
  <reporter-output>
  </reporter-output>
  <suite started-at="2022-02-20T14:19:59 IST" name="Default suite" finished-at="2022-02-20T14:20:14 IST" duration-ms="15697">
    <groups>
    </groups>
    <test started-at="2022-02-20T14:19:59 IST" name="Default test" finished-at="2022-02-20T14:20:14 IST" duration-ms="15697">
      <class name="testCases.TC01_SimpleSignIn">
        <test-method is-config="true" signature="setUp()[pri:0, instance:testCases.TC01_SimpleSignIn@1e1a0406]" started-at="2022-02-20T14:19:59 IST" name="setUp" finished-at="2022-02-20T14:20:01 IST" duration-ms="2363" status="PASS">
          <reporter-output>
          </reporter-output>
        </test-method> <!-- setUp -->
        <test-method signature="test1()[pri:0, instance:testCases.TC01_SimpleSignIn@1e1a0406]" started-at="2022-02-20T14:20:01 IST" name="test1" finished-at="2022-02-20T14:20:14 IST" duration-ms="12751" status="PASS">
          <reporter-output>
          </reporter-output>
        </test-method> <!-- test1 -->
        <test-method is-config="true" signature="tearDown()[pri:0, instance:testCases.TC01_SimpleSignIn@1e1a0406]" started-at="2022-02-20T14:20:14 IST" name="tearDown" finished-at="2022-02-20T14:20:14 IST" duration-ms="537" status="PASS">
          <reporter-output>
          </reporter-output>
        </test-method> <!-- tearDown -->
      </class> <!-- testCases.TC01_SimpleSignIn -->
    </test> <!-- Default test -->
  </suite> <!-- Default suite -->
</testng-results>
